<?xml version="1.0" encoding="UTF-8"?>
<!-- Generated by org.testng.reporters.JUnitReportReporter -->
<testsuite hostname="LAPTOP-2EUUN60H" failures="0" tests="1" name="test.Day1" time="0.018" errors="0" timestamp="2023-12-19T20:29:01 IST" skipped="0">
  <testcase classname="test.Day1" name="secondTest" time="0.018"/>
  <system-out/>
</testsuite> <!-- test.Day1 -->
