<?xml version="1.0" encoding="UTF-8"?>
<!-- Generated by org.testng.reporters.JUnitReportReporter -->
<testsuite hostname="LAPTOP-2EUUN60H" failures="0" tests="6" name="test.PersonalLoan" time="0.027" errors="0" timestamp="2023-12-26T21:01:07 IST" skipped="0">
  <testcase classname="test.PersonalLoan" name="webPersonalLoan" time="0.016"/>
  <system-out/>
  <testcase classname="test.PersonalLoan" name="mobilePersonalLoan" time="0.002"/>
  <system-out/>
  <testcase classname="test.PersonalLoan" name="DoorToDoorPersonalLoan" time="0.002"/>
  <system-out/>
  <testcase classname="test.PersonalLoan" name="interestNewPersonalLoan" time="0.001"/>
  <system-out/>
  <testcase classname="test.PersonalLoan" name="CorpPersonalLoan" time="0.004"/>
  <system-out/>
  <testcase classname="test.PersonalLoan" name="LalaPersonalLoan" time="0.002"/>
  <system-out/>
</testsuite> <!-- test.PersonalLoan -->
