<?xml version="1.0" encoding="UTF-8"?>
<!-- Generated by org.testng.reporters.JUnitReportReporter -->
<testsuite hostname="LAPTOP-2EUUN60H" failures="0" tests="4" name="test.JumboLoan" time="0.012" errors="0" timestamp="2023-12-27T20:32:28 IST" skipped="3">
  <testcase classname="test.JumboLoan" name="excption" time="0.012"/>
  <system-out/>
  <testcase classname="test.JumboLoan" name="webJumboLaon">
    <skipped/>
  </testcase> <!-- webJumboLaon -->
  <system-out/>
  <testcase classname="test.JumboLoan" name="APIJumboLoan">
    <skipped/>
  </testcase> <!-- APIJumboLoan -->
  <system-out/>
  <testcase classname="test.JumboLoan" name="mobileJumboLoan">
    <skipped/>
  </testcase> <!-- mobileJumboLoan -->
  <system-out/>
</testsuite> <!-- test.JumboLoan -->
