<?xml version="1.0" encoding="UTF-8"?>
<!-- Generated by org.testng.reporters.JUnitReportReporter -->
<testsuite hostname="LAPTOP-2EUUN60H" failures="0" tests="3" name="test.HomeLoan" time="0.014" errors="0" timestamp="2023-12-26T20:28:19 IST" skipped="0">
  <testcase classname="test.HomeLoan" name="mobileHomeLoan" time="0.004"/>
  <system-out/>
  <testcase classname="test.HomeLoan" name="webHomeLoan" time="0.001"/>
  <system-out/>
  <testcase classname="test.HomeLoan" name="APIHomeLoan" time="0.009"/>
  <system-out/>
</testsuite> <!-- test.HomeLoan -->
